app/build/intermediates/manifest_merge_blame_file/debug/processDebugMainManifest/manifest-merger-blame-debug-report.txt
1<?xml version="1.0" encoding="utf-8"?>
2<manifest xmlns:android="http://schemas.android.com/apk/res/android"
3    package="fr.retrospare.blazeplayer"
4    android:versionCode="45"
5    android:versionName="0.9.81-Beta-Party" >
6
7    <uses-sdk
7-->INJECTED
8        android:minSdkVersion="28"
8-->INJECTED
9        android:targetSdkVersion="36" />
9-->INJECTED
10
11    <!-- Réseau -->
12    <uses-permission android:name="android.permission.INTERNET" />
12-->src/main/AndroidManifest.xml:8:5-67
12-->src/main/AndroidManifest.xml:8:22-64
13    <uses-permission android:name="android.permission.ACCESS_NETWORK_STATE" />
13-->src/main/AndroidManifest.xml:9:5-79
13-->src/main/AndroidManifest.xml:9:22-76
14    <uses-permission android:name="android.permission.ACCESS_WIFI_STATE" />
14-->src/main/AndroidManifest.xml:10:5-76
14-->src/main/AndroidManifest.xml:10:22-73
15    <uses-permission android:name="android.permission.CHANGE_WIFI_MULTICAST_STATE" />
15-->src/main/AndroidManifest.xml:11:5-86
15-->src/main/AndroidManifest.xml:11:22-83
16    <!-- Requis depuis Android 13 (API 33) pour la decouverte mDNS/NSD utilisee par Google Cast -->
17    <uses-permission
17-->src/main/AndroidManifest.xml:13:5-125
18        android:name="android.permission.NEARBY_WIFI_DEVICES"
18-->src/main/AndroidManifest.xml:13:22-75
19        android:usesPermissionFlags="neverForLocation" />
19-->src/main/AndroidManifest.xml:13:76-122
20
21    <!-- Stockage Android 9-12 -->
22    <uses-permission
22-->src/main/AndroidManifest.xml:16:5-18:38
23        android:name="android.permission.READ_EXTERNAL_STORAGE"
23-->src/main/AndroidManifest.xml:17:9-64
24        android:maxSdkVersion="32" />
24-->src/main/AndroidManifest.xml:18:9-35
25    <uses-permission
25-->src/main/AndroidManifest.xml:19:5-21:38
26        android:name="android.permission.WRITE_EXTERNAL_STORAGE"
26-->src/main/AndroidManifest.xml:20:9-65
27        android:maxSdkVersion="28" />
27-->src/main/AndroidManifest.xml:21:9-35
28
29    <!-- Stockage Android 13+ -->
30    <uses-permission android:name="android.permission.READ_MEDIA_VIDEO" />
30-->src/main/AndroidManifest.xml:24:5-75
30-->src/main/AndroidManifest.xml:24:22-72
31    <uses-permission android:name="android.permission.READ_MEDIA_IMAGES" />
31-->src/main/AndroidManifest.xml:25:5-76
31-->src/main/AndroidManifest.xml:25:22-73
32    <uses-permission android:name="android.permission.READ_MEDIA_AUDIO" />
32-->src/main/AndroidManifest.xml:26:5-75
32-->src/main/AndroidManifest.xml:26:22-72
33
34    <!-- Luminosité -->
35    <uses-permission android:name="android.permission.WRITE_SETTINGS" />
35-->src/main/AndroidManifest.xml:29:5-30:47
35-->src/main/AndroidManifest.xml:29:22-70
36
37    <!-- Visualiseur audio : analyse FFT de la session de lecture -->
38    <uses-permission android:name="android.permission.RECORD_AUDIO" />
38-->src/main/AndroidManifest.xml:33:5-71
38-->src/main/AndroidManifest.xml:33:22-68
39
40    <!-- Wake lock lecture -->
41    <uses-permission android:name="android.permission.WAKE_LOCK" />
41-->src/main/AndroidManifest.xml:36:5-68
41-->src/main/AndroidManifest.xml:36:22-65
42    <uses-permission android:name="android.permission.FOREGROUND_SERVICE" />
42-->src/main/AndroidManifest.xml:37:5-77
42-->src/main/AndroidManifest.xml:37:22-74
43    <uses-permission android:name="android.permission.FOREGROUND_SERVICE_MEDIA_PLAYBACK" />
43-->src/main/AndroidManifest.xml:38:5-92
43-->src/main/AndroidManifest.xml:38:22-89
44
45    <!-- Notifications Android 13+ -->
46    <uses-permission android:name="android.permission.POST_NOTIFICATIONS" />
46-->src/main/AndroidManifest.xml:41:5-77
46-->src/main/AndroidManifest.xml:41:22-74
47
48    <queries>
48-->src/main/AndroidManifest.xml:42:5-51:15
49        <intent>
49-->src/main/AndroidManifest.xml:43:9-46:18
50            <action android:name="android.intent.action.GET_CONTENT" />
50-->src/main/AndroidManifest.xml:44:13-72
50-->src/main/AndroidManifest.xml:44:21-69
51
52            <data android:mimeType="*/*" />
52-->src/main/AndroidManifest.xml:45:13-44
52-->src/main/AndroidManifest.xml:45:19-41
53        </intent>
54        <intent>
54-->src/main/AndroidManifest.xml:47:9-50:18
55            <action android:name="android.intent.action.OPEN_DOCUMENT" />
55-->src/main/AndroidManifest.xml:48:13-74
55-->src/main/AndroidManifest.xml:48:21-71
56
57            <data android:mimeType="*/*" />
57-->src/main/AndroidManifest.xml:45:13-44
57-->src/main/AndroidManifest.xml:45:19-41
58        </intent>
59
60        <package android:name="com.google.android.gms.policy_cast_dynamite" />
60-->[com.google.android.gms:play-services-cast-framework:22.1.0] AndroidManifest.xml:15:9-79
60-->[com.google.android.gms:play-services-cast-framework:22.1.0] AndroidManifest.xml:15:18-76
61
62        <intent>
62-->[com.android.billingclient:billing:7.0.0] AndroidManifest.xml:13:9-15:18
63            <action android:name="com.android.vending.billing.InAppBillingService.BIND" />
63-->[com.android.billingclient:billing:7.0.0] AndroidManifest.xml:14:13-91
63-->[com.android.billingclient:billing:7.0.0] AndroidManifest.xml:14:21-88
64        </intent>
65    </queries>
66
67    <uses-permission android:name="android.permission.USE_BIOMETRIC" /> <!-- suppress DeprecatedClassUsageInspection -->
67-->[androidx.biometric:biometric:1.1.0] AndroidManifest.xml:24:5-72
67-->[androidx.biometric:biometric:1.1.0] AndroidManifest.xml:24:22-69
68    <uses-permission android:name="android.permission.USE_FINGERPRINT" />
68-->[androidx.biometric:biometric:1.1.0] AndroidManifest.xml:27:5-74
68-->[androidx.biometric:biometric:1.1.0] AndroidManifest.xml:27:22-71
69    <uses-permission android:name="com.android.vending.BILLING" />
69-->[com.android.billingclient:billing:7.0.0] AndroidManifest.xml:10:5-67
69-->[com.android.billingclient:billing:7.0.0] AndroidManifest.xml:10:22-64
70
71    <permission
71-->[androidx.core:core:1.18.0] AndroidManifest.xml:22:5-24:47
72        android:name="fr.retrospare.blazeplayer.DYNAMIC_RECEIVER_NOT_EXPORTED_PERMISSION"
72-->[androidx.core:core:1.18.0] AndroidManifest.xml:23:9-81
73        android:protectionLevel="signature" />
73-->[androidx.core:core:1.18.0] AndroidManifest.xml:24:9-44
74
75    <uses-permission android:name="fr.retrospare.blazeplayer.DYNAMIC_RECEIVER_NOT_EXPORTED_PERMISSION" />
75-->[androidx.core:core:1.18.0] AndroidManifest.xml:26:5-97
75-->[androidx.core:core:1.18.0] AndroidManifest.xml:26:22-94
76
77    <application
77-->src/main/AndroidManifest.xml:53:5-305:15
78        android:name="fr.retrospare.blazeplayer.BlazePlayerApp"
78-->src/main/AndroidManifest.xml:54:9-39
79        android:allowBackup="true"
79-->src/main/AndroidManifest.xml:55:9-35
80        android:appComponentFactory="androidx.core.app.CoreComponentFactory"
80-->[androidx.core:core:1.18.0] AndroidManifest.xml:28:18-86
81        android:debuggable="true"
82        android:extractNativeLibs="false"
82-->INJECTED
83        android:fullBackupContent="@xml/backup_rules"
83-->src/main/AndroidManifest.xml:56:9-54
84        android:hardwareAccelerated="true"
84-->src/main/AndroidManifest.xml:64:9-43
85        android:icon="@mipmap/ic_launcher"
85-->src/main/AndroidManifest.xml:58:9-43
86        android:label="@string/app_name"
86-->src/main/AndroidManifest.xml:59:9-41
87        android:largeHeap="true"
87-->src/main/AndroidManifest.xml:65:9-33
88        android:localeConfig="@xml/locales_config"
88-->src/main/AndroidManifest.xml:57:9-51
89        android:networkSecurityConfig="@xml/network_security_config"
89-->src/main/AndroidManifest.xml:63:9-69
90        android:roundIcon="@mipmap/ic_launcher_round"
90-->src/main/AndroidManifest.xml:60:9-54
91        android:supportsRtl="true"
91-->src/main/AndroidManifest.xml:61:9-35
92        android:theme="@style/Theme.BlazePlayer" >
92-->src/main/AndroidManifest.xml:62:9-49
93
94        <!--
95             largeHeap : marge de sécurité supplémentaire pour la lecture vidéo réseau (SMB) qui
96             combine tampon de lecture, miniatures et extraction de métadonnées en parallèle.
97             Ajouté suite à un OutOfMemoryError observé sur un tas cible de 256 Mo (le vrai fix
98             est la réduction des tailles de buffer SMB, cf. SmbClientPool/SmbMediaDataSource).
99        -->
100
101        <activity
101-->src/main/AndroidManifest.xml:71:9-112:20
102            android:name="fr.retrospare.blazeplayer.MainActivity"
102-->src/main/AndroidManifest.xml:72:13-41
103            android:configChanges="orientation|screenLayout|screenSize|smallestScreenSize|keyboardHidden"
103-->src/main/AndroidManifest.xml:78:13-106
104            android:exported="true"
104-->src/main/AndroidManifest.xml:73:13-36
105            android:label="@string/app_name"
105-->src/main/AndroidManifest.xml:74:13-45
106            android:launchMode="singleTop"
106-->src/main/AndroidManifest.xml:75:13-43
107            android:screenOrientation="portrait"
107-->src/main/AndroidManifest.xml:76:13-49
108            android:theme="@style/Theme.BlazePlayer"
108-->src/main/AndroidManifest.xml:77:13-53
109            android:windowSoftInputMode="adjustResize" >
109-->src/main/AndroidManifest.xml:79:13-55
110            <intent-filter>
110-->src/main/AndroidManifest.xml:80:13-83:29
111                <action android:name="android.intent.action.MAIN" />
111-->src/main/AndroidManifest.xml:81:17-69
111-->src/main/AndroidManifest.xml:81:25-66
112
113                <category android:name="android.intent.category.LAUNCHER" />
113-->src/main/AndroidManifest.xml:82:17-77
113-->src/main/AndroidManifest.xml:82:27-74
114            </intent-filter>
115            <intent-filter>
115-->src/main/AndroidManifest.xml:84:13-89:29
116                <action android:name="android.intent.action.VIEW" />
116-->src/main/AndroidManifest.xml:85:17-69
116-->src/main/AndroidManifest.xml:85:25-66
117
118                <category android:name="android.intent.category.DEFAULT" />
118-->src/main/AndroidManifest.xml:86:17-76
118-->src/main/AndroidManifest.xml:86:27-73
119                <category android:name="android.intent.category.BROWSABLE" />
119-->src/main/AndroidManifest.xml:87:17-78
119-->src/main/AndroidManifest.xml:87:27-75
120
121                <data
121-->src/main/AndroidManifest.xml:45:13-44
122                    android:host="join"
122-->src/main/AndroidManifest.xml:88:51-70
123                    android:scheme="blazeparty" />
123-->src/main/AndroidManifest.xml:88:23-50
124            </intent-filter>
125            <intent-filter>
125-->src/main/AndroidManifest.xml:90:13-95:29
126                <action android:name="android.intent.action.VIEW" />
126-->src/main/AndroidManifest.xml:85:17-69
126-->src/main/AndroidManifest.xml:85:25-66
127
128                <category android:name="android.intent.category.DEFAULT" />
128-->src/main/AndroidManifest.xml:86:17-76
128-->src/main/AndroidManifest.xml:86:27-73
129                <category android:name="android.intent.category.BROWSABLE" />
129-->src/main/AndroidManifest.xml:87:17-78
129-->src/main/AndroidManifest.xml:87:27-75
130
131                <data android:scheme="bp" />
131-->src/main/AndroidManifest.xml:45:13-44
131-->src/main/AndroidManifest.xml:88:23-50
132            </intent-filter>
133            <intent-filter>
133-->src/main/AndroidManifest.xml:96:13-104:29
134                <action android:name="android.intent.action.VIEW" />
134-->src/main/AndroidManifest.xml:85:17-69
134-->src/main/AndroidManifest.xml:85:25-66
135
136                <category android:name="android.intent.category.DEFAULT" />
136-->src/main/AndroidManifest.xml:86:17-76
136-->src/main/AndroidManifest.xml:86:27-73
137                <category android:name="android.intent.category.BROWSABLE" />
137-->src/main/AndroidManifest.xml:87:17-78
137-->src/main/AndroidManifest.xml:87:27-75
138                <!--
139                     Certains scanners ne parsèment pas les Android Intent URI et envoient
140                     littéralement intent://... à Android. On capte aussi ce format pour éviter
141                     que le QR termine dans le menu natif de partage.
142                -->
143                <data
143-->src/main/AndroidManifest.xml:45:13-44
144                    android:host="join"
144-->src/main/AndroidManifest.xml:88:51-70
145                    android:scheme="intent" />
145-->src/main/AndroidManifest.xml:88:23-50
146            </intent-filter>
147            <intent-filter>
147-->src/main/AndroidManifest.xml:105:13-111:29
148                <action android:name="android.intent.action.VIEW" />
148-->src/main/AndroidManifest.xml:85:17-69
148-->src/main/AndroidManifest.xml:85:25-66
149
150                <category android:name="android.intent.category.DEFAULT" />
150-->src/main/AndroidManifest.xml:86:17-76
150-->src/main/AndroidManifest.xml:86:27-73
151                <category android:name="android.intent.category.BROWSABLE" />
151-->src/main/AndroidManifest.xml:87:17-78
151-->src/main/AndroidManifest.xml:87:27-75
152
153                <data
153-->src/main/AndroidManifest.xml:45:13-44
154                    android:host="blazeparty.local"
154-->src/main/AndroidManifest.xml:88:51-70
155                    android:pathPrefix="/join"
155-->src/main/AndroidManifest.xml:109:78-104
156                    android:scheme="https" />
156-->src/main/AndroidManifest.xml:88:23-50
157                <data
157-->src/main/AndroidManifest.xml:45:13-44
158                    android:host="blazeparty.local"
158-->src/main/AndroidManifest.xml:88:51-70
159                    android:pathPrefix="/join"
159-->src/main/AndroidManifest.xml:109:78-104
160                    android:scheme="http" />
160-->src/main/AndroidManifest.xml:88:23-50
161            </intent-filter>
162        </activity>
163        <activity
163-->src/main/AndroidManifest.xml:114:9-139:20
164            android:name="fr.retrospare.blazeplayer.BlazeGalleryLauncherActivity"
164-->src/main/AndroidManifest.xml:115:13-57
165            android:enabled="true"
165-->src/main/AndroidManifest.xml:116:13-35
166            android:excludeFromRecents="true"
166-->src/main/AndroidManifest.xml:118:13-46
167            android:exported="true"
167-->src/main/AndroidManifest.xml:117:13-36
168            android:icon="@mipmap/ic_blaze_gallery_launcher"
168-->src/main/AndroidManifest.xml:119:13-61
169            android:label="@string/app_name_gallery"
169-->src/main/AndroidManifest.xml:120:13-53
170            android:launchMode="singleInstance"
170-->src/main/AndroidManifest.xml:122:13-48
171            android:noHistory="true"
171-->src/main/AndroidManifest.xml:121:13-37
172            android:roundIcon="@mipmap/ic_blaze_gallery_launcher_round"
172-->src/main/AndroidManifest.xml:124:13-72
173            android:taskAffinity="fr.retrospare.blazeplayer.gallery"
173-->src/main/AndroidManifest.xml:123:13-69
174            android:theme="@android:style/Theme.NoDisplay" >
174-->src/main/AndroidManifest.xml:125:13-59
175
176            <!--
177                 taskAffinity dédiée + singleInstance : certains launchers/ROM ne relancent pas
178                 réellement une activité qui partage l'affinité de tâche par défaut de l'app
179                 (celle de MainActivity) quand une tâche de cette app existe déjà — ils se
180                 contentent de ramener cette tâche au premier plan sans exécuter onCreate() de
181                 BlazeGalleryLauncherActivity ni onNewIntent() de MainActivity. Résultat : l'icône
182                 "Blaze Gallery" rouvrait Blaze Player sur son dernier onglet (souvent "Local")
183                 au lieu de forcer l'onglet Blaze Gallery. Une tâche dédiée garantit que cette
184                 activité (donc son trampoline vers MainActivity) s'exécute à chaque appui sur
185                 l'icône, même quand Blaze Player tourne déjà en arrière-plan.
186            -->
187            <intent-filter>
187-->src/main/AndroidManifest.xml:80:13-83:29
188                <action android:name="android.intent.action.MAIN" />
188-->src/main/AndroidManifest.xml:81:17-69
188-->src/main/AndroidManifest.xml:81:25-66
189
190                <category android:name="android.intent.category.LAUNCHER" />
190-->src/main/AndroidManifest.xml:82:17-77
190-->src/main/AndroidManifest.xml:82:27-74
191            </intent-filter>
192        </activity>
193        <activity
193-->src/main/AndroidManifest.xml:141:9-157:20
194            android:name="fr.retrospare.blazeplayer.BlazeAudioLauncherActivity"
194-->src/main/AndroidManifest.xml:142:13-55
195            android:enabled="true"
195-->src/main/AndroidManifest.xml:143:13-35
196            android:excludeFromRecents="true"
196-->src/main/AndroidManifest.xml:145:13-46
197            android:exported="true"
197-->src/main/AndroidManifest.xml:144:13-36
198            android:icon="@mipmap/ic_blaze_audio_launcher"
198-->src/main/AndroidManifest.xml:146:13-59
199            android:label="@string/app_name_audio"
199-->src/main/AndroidManifest.xml:147:13-51
200            android:launchMode="singleInstance"
200-->src/main/AndroidManifest.xml:149:13-48
201            android:noHistory="true"
201-->src/main/AndroidManifest.xml:148:13-37
202            android:roundIcon="@mipmap/ic_blaze_audio_launcher_round"
202-->src/main/AndroidManifest.xml:151:13-70
203            android:taskAffinity="fr.retrospare.blazeplayer.audio"
203-->src/main/AndroidManifest.xml:150:13-67
204            android:theme="@android:style/Theme.NoDisplay" >
204-->src/main/AndroidManifest.xml:152:13-59
205            <intent-filter>
205-->src/main/AndroidManifest.xml:80:13-83:29
206                <action android:name="android.intent.action.MAIN" />
206-->src/main/AndroidManifest.xml:81:17-69
206-->src/main/AndroidManifest.xml:81:25-66
207
208                <category android:name="android.intent.category.LAUNCHER" />
208-->src/main/AndroidManifest.xml:82:17-77
208-->src/main/AndroidManifest.xml:82:27-74
209            </intent-filter>
210        </activity>
211
212        <service
212-->src/main/AndroidManifest.xml:159:9-166:19
213            android:name="fr.retrospare.blazeplayer.player.BlazePlayerService"
213-->src/main/AndroidManifest.xml:160:1-42
214            android:exported="false"
214-->src/main/AndroidManifest.xml:162:13-37
215            android:foregroundServiceType="mediaPlayback" >
215-->src/main/AndroidManifest.xml:161:13-58
216            <intent-filter>
216-->src/main/AndroidManifest.xml:163:13-165:29
217                <action android:name="androidx.media3.session.MediaSessionService" />
217-->src/main/AndroidManifest.xml:164:17-85
217-->src/main/AndroidManifest.xml:164:25-83
218            </intent-filter>
219        </service>
220
221        <!--
222             Service de lecture vidéo (ExoPlayer + CastPlayer) : démarré explicitement par
223             PlayerActivity. Sa déclaration manquait précédemment, ce qui faisait planter
224             startService() au runtime dès l'ouverture d'une vidéo.
225        -->
226        <service
226-->src/main/AndroidManifest.xml:171:9-178:19
227            android:name="fr.retrospare.blazeplayer.player.VideoPlaybackService"
227-->src/main/AndroidManifest.xml:172:13-56
228            android:exported="false"
228-->src/main/AndroidManifest.xml:174:13-37
229            android:foregroundServiceType="mediaPlayback" >
229-->src/main/AndroidManifest.xml:173:13-58
230            <intent-filter>
230-->src/main/AndroidManifest.xml:163:13-165:29
231                <action android:name="androidx.media3.session.MediaSessionService" />
231-->src/main/AndroidManifest.xml:164:17-85
231-->src/main/AndroidManifest.xml:164:25-83
232            </intent-filter>
233        </service>
234
235        <activity
235-->src/main/AndroidManifest.xml:181:9-185:56
236            android:name="fr.retrospare.blazeplayer.player.AudioLibraryActivity"
236-->src/main/AndroidManifest.xml:182:13-56
237            android:exported="false"
237-->src/main/AndroidManifest.xml:183:13-37
238            android:screenOrientation="portrait"
238-->src/main/AndroidManifest.xml:184:13-49
239            android:theme="@style/Theme.BlazePlayer" />
239-->src/main/AndroidManifest.xml:185:13-53
240        <activity
240-->src/main/AndroidManifest.xml:187:9-191:56
241            android:name="fr.retrospare.blazeplayer.player.AudioProSettingsActivity"
241-->src/main/AndroidManifest.xml:188:13-60
242            android:exported="false"
242-->src/main/AndroidManifest.xml:189:13-37
243            android:screenOrientation="portrait"
243-->src/main/AndroidManifest.xml:190:13-49
244            android:theme="@style/Theme.BlazePlayer" />
244-->src/main/AndroidManifest.xml:191:13-53
245        <activity
245-->src/main/AndroidManifest.xml:193:9-218:20
246            android:name="fr.retrospare.blazeplayer.player.AudioPlayerActivity"
246-->src/main/AndroidManifest.xml:194:13-55
247            android:configChanges="keyboard|keyboardHidden|orientation|screenLayout|screenSize|smallestScreenSize"
247-->src/main/AndroidManifest.xml:196:13-115
248            android:exported="true"
248-->src/main/AndroidManifest.xml:195:13-36
249            android:launchMode="singleTop"
249-->src/main/AndroidManifest.xml:197:13-43
250            android:screenOrientation="portrait"
250-->src/main/AndroidManifest.xml:198:13-49
251            android:theme="@style/Theme.BlazePlayer" >
251-->src/main/AndroidManifest.xml:199:13-53
252            <intent-filter>
252-->src/main/AndroidManifest.xml:200:13-207:29
253                <action android:name="android.intent.action.VIEW" />
253-->src/main/AndroidManifest.xml:85:17-69
253-->src/main/AndroidManifest.xml:85:25-66
254
255                <category android:name="android.intent.category.DEFAULT" />
255-->src/main/AndroidManifest.xml:86:17-76
255-->src/main/AndroidManifest.xml:86:27-73
256                <category android:name="android.intent.category.BROWSABLE" />
256-->src/main/AndroidManifest.xml:87:17-78
256-->src/main/AndroidManifest.xml:87:27-75
257
258                <data android:scheme="content" />
258-->src/main/AndroidManifest.xml:45:13-44
258-->src/main/AndroidManifest.xml:88:23-50
259                <data android:scheme="file" />
259-->src/main/AndroidManifest.xml:45:13-44
259-->src/main/AndroidManifest.xml:88:23-50
260                <data android:mimeType="audio/*" />
260-->src/main/AndroidManifest.xml:45:13-44
260-->src/main/AndroidManifest.xml:45:19-41
261            </intent-filter>
262            <intent-filter>
262-->src/main/AndroidManifest.xml:208:13-212:29
263                <action android:name="android.intent.action.SEND" />
263-->src/main/AndroidManifest.xml:209:17-69
263-->src/main/AndroidManifest.xml:209:25-66
264
265                <category android:name="android.intent.category.DEFAULT" />
265-->src/main/AndroidManifest.xml:86:17-76
265-->src/main/AndroidManifest.xml:86:27-73
266
267                <data android:mimeType="audio/*" />
267-->src/main/AndroidManifest.xml:45:13-44
267-->src/main/AndroidManifest.xml:45:19-41
268            </intent-filter>
269            <intent-filter>
269-->src/main/AndroidManifest.xml:213:13-217:29
270                <action android:name="android.intent.action.SEND_MULTIPLE" />
270-->src/main/AndroidManifest.xml:214:17-78
270-->src/main/AndroidManifest.xml:214:25-75
271
272                <category android:name="android.intent.category.DEFAULT" />
272-->src/main/AndroidManifest.xml:86:17-76
272-->src/main/AndroidManifest.xml:86:27-73
273
274                <data android:mimeType="audio/*" />
274-->src/main/AndroidManifest.xml:45:13-44
274-->src/main/AndroidManifest.xml:45:19-41
275            </intent-filter>
276        </activity>
277        <activity
277-->src/main/AndroidManifest.xml:220:9-262:20
278            android:name="fr.retrospare.blazeplayer.player.PlayerActivity"
278-->src/main/AndroidManifest.xml:221:13-50
279            android:configChanges="keyboard|keyboardHidden|orientation|screenLayout|screenSize|smallestScreenSize"
279-->src/main/AndroidManifest.xml:224:13-115
280            android:exported="true"
280-->src/main/AndroidManifest.xml:223:13-36
281            android:launchMode="singleTop"
281-->src/main/AndroidManifest.xml:225:13-43
282            android:screenOrientation="fullSensor"
282-->src/main/AndroidManifest.xml:226:13-51
283            android:supportsPictureInPicture="true"
283-->src/main/AndroidManifest.xml:222:13-52
284            android:theme="@style/Theme.BlazePlayer.Fullscreen" >
284-->src/main/AndroidManifest.xml:227:13-64
285            <intent-filter>
285-->src/main/AndroidManifest.xml:228:13-235:29
286                <action android:name="android.intent.action.VIEW" />
286-->src/main/AndroidManifest.xml:85:17-69
286-->src/main/AndroidManifest.xml:85:25-66
287
288                <category android:name="android.intent.category.DEFAULT" />
288-->src/main/AndroidManifest.xml:86:17-76
288-->src/main/AndroidManifest.xml:86:27-73
289                <category android:name="android.intent.category.BROWSABLE" />
289-->src/main/AndroidManifest.xml:87:17-78
289-->src/main/AndroidManifest.xml:87:27-75
290
291                <data android:scheme="content" />
291-->src/main/AndroidManifest.xml:45:13-44
291-->src/main/AndroidManifest.xml:88:23-50
292                <data android:scheme="file" />
292-->src/main/AndroidManifest.xml:45:13-44
292-->src/main/AndroidManifest.xml:88:23-50
293                <data android:mimeType="video/*" />
293-->src/main/AndroidManifest.xml:45:13-44
293-->src/main/AndroidManifest.xml:45:19-41
294            </intent-filter>
295            <intent-filter>
295-->src/main/AndroidManifest.xml:236:13-240:29
296                <action android:name="android.intent.action.SEND" />
296-->src/main/AndroidManifest.xml:209:17-69
296-->src/main/AndroidManifest.xml:209:25-66
297
298                <category android:name="android.intent.category.DEFAULT" />
298-->src/main/AndroidManifest.xml:86:17-76
298-->src/main/AndroidManifest.xml:86:27-73
299
300                <data android:mimeType="video/*" />
300-->src/main/AndroidManifest.xml:45:13-44
300-->src/main/AndroidManifest.xml:45:19-41
301            </intent-filter>
302            <intent-filter>
302-->src/main/AndroidManifest.xml:241:13-245:29
303                <action android:name="android.intent.action.SEND_MULTIPLE" />
303-->src/main/AndroidManifest.xml:214:17-78
303-->src/main/AndroidManifest.xml:214:25-75
304
305                <category android:name="android.intent.category.DEFAULT" />
305-->src/main/AndroidManifest.xml:86:17-76
305-->src/main/AndroidManifest.xml:86:27-73
306
307                <data android:mimeType="video/*" />
307-->src/main/AndroidManifest.xml:45:13-44
307-->src/main/AndroidManifest.xml:45:19-41
308            </intent-filter>
309            <intent-filter>
309-->src/main/AndroidManifest.xml:246:13-253:29
310                <action android:name="android.intent.action.VIEW" />
310-->src/main/AndroidManifest.xml:85:17-69
310-->src/main/AndroidManifest.xml:85:25-66
311
312                <category android:name="android.intent.category.DEFAULT" />
312-->src/main/AndroidManifest.xml:86:17-76
312-->src/main/AndroidManifest.xml:86:27-73
313                <category android:name="android.intent.category.BROWSABLE" />
313-->src/main/AndroidManifest.xml:87:17-78
313-->src/main/AndroidManifest.xml:87:27-75
314
315                <data android:scheme="content" />
315-->src/main/AndroidManifest.xml:45:13-44
315-->src/main/AndroidManifest.xml:88:23-50
316                <data android:scheme="file" />
316-->src/main/AndroidManifest.xml:45:13-44
316-->src/main/AndroidManifest.xml:88:23-50
317                <data android:mimeType="video/x-matroska" />
317-->src/main/AndroidManifest.xml:45:13-44
317-->src/main/AndroidManifest.xml:45:19-41
318            </intent-filter>
319            <intent-filter>
319-->src/main/AndroidManifest.xml:254:13-261:29
320                <action android:name="android.intent.action.VIEW" />
320-->src/main/AndroidManifest.xml:85:17-69
320-->src/main/AndroidManifest.xml:85:25-66
321
322                <category android:name="android.intent.category.DEFAULT" />
322-->src/main/AndroidManifest.xml:86:17-76
322-->src/main/AndroidManifest.xml:86:27-73
323                <category android:name="android.intent.category.BROWSABLE" />
323-->src/main/AndroidManifest.xml:87:17-78
323-->src/main/AndroidManifest.xml:87:27-75
324
325                <data android:scheme="content" />
325-->src/main/AndroidManifest.xml:45:13-44
325-->src/main/AndroidManifest.xml:88:23-50
326                <data android:scheme="file" />
326-->src/main/AndroidManifest.xml:45:13-44
326-->src/main/AndroidManifest.xml:88:23-50
327                <data android:mimeType="application/octet-stream" />
327-->src/main/AndroidManifest.xml:45:13-44
327-->src/main/AndroidManifest.xml:45:19-41
328            </intent-filter>
329        </activity>
330        <activity
330-->src/main/AndroidManifest.xml:264:9-268:56
331            android:name="fr.retrospare.blazeplayer.player.AudioBrowserActivity"
331-->src/main/AndroidManifest.xml:265:13-56
332            android:exported="false"
332-->src/main/AndroidManifest.xml:266:13-37
333            android:screenOrientation="portrait"
333-->src/main/AndroidManifest.xml:267:13-49
334            android:theme="@style/Theme.BlazePlayer" />
334-->src/main/AndroidManifest.xml:268:13-53
335
336        <meta-data
336-->src/main/AndroidManifest.xml:270:9-272:82
337            android:name="com.google.android.gms.cast.framework.OPTIONS_PROVIDER_CLASS_NAME"
337-->src/main/AndroidManifest.xml:271:13-93
338            android:value="fr.retrospare.blazeplayer.cast.CastOptionsProvider" />
338-->src/main/AndroidManifest.xml:272:13-79
339
340        <receiver
340-->src/main/AndroidManifest.xml:274:9-276:40
341            android:name="androidx.mediarouter.media.MediaTransferReceiver"
341-->src/main/AndroidManifest.xml:275:13-76
342            android:exported="false" />
342-->src/main/AndroidManifest.xml:276:13-37
343
344        <activity